f:\zk_master\zk_master\x64\debug\vc143.pdb
f:\zk_master\zk_master\x64\debug\vc143.idb
f:\zk_master\zk_master\x64\debug\demo.obj
f:\zk_master\zk_master\x64\debug\zk3foreverthing.obj
f:\zk_master\zk_master\x64\debug\zk3.obj
f:\zk_master\zk_master\x64\debug\zk2foreverthing.obj
f:\zk_master\zk_master\x64\debug\zk2.obj
f:\zk_master\zk_master\x64\debug\sunday_new.obj
f:\zk_master\zk_master\x64\debug\kmp.obj
f:\zk_master\zk_master\x64\debug\force.obj
f:\zk_master\zk_master\x64\debug\bm_2.obj
f:\zk_master\zk_master\x64\debug\bmh.obj
f:\zk_master\zk_master\x64\debug\zk_master.ilk
f:\zk_master\zk_master\x64\debug\zk_master.exe
f:\zk_master\zk_master\x64\debug\zk_master.pdb
f:\zk_master\zk_master\x64\debug\zk_master.tlog\cl.command.1.tlog
f:\zk_master\zk_master\x64\debug\zk_master.tlog\cl.read.1.tlog
f:\zk_master\zk_master\x64\debug\zk_master.tlog\cl.write.1.tlog
f:\zk_master\zk_master\x64\debug\zk_master.tlog\link.command.1.tlog
f:\zk_master\zk_master\x64\debug\zk_master.tlog\link.read.1.tlog
f:\zk_master\zk_master\x64\debug\zk_master.tlog\link.write.1.tlog
